This is pdfTeX, Version 3.141592653-2.6-1.40.24 (TeX Live 2022) (preloaded format=pdflatex 2022.6.22)  5 JUN 2023 09:51
entering extended mode
 restricted \write18 enabled.
 %&-line parsing enabled.
**template.tex
(./template.tex
LaTeX2e <2021-11-15> patch level 1
L3 programming layer <2022-02-24>

LaTeX Info: File `example.eps' already exists on the system.
            Not generating it from this source.

(c:/texlive/2022/texmf-dist/tex/latex/base/fix-cm.sty
Package: fix-cm 2020/11/24 v1.1t fixes to LaTeX

(c:/texlive/2022/texmf-dist/tex/latex/base/ts1enc.def
File: ts1enc.def 2001/06/05 v3.0e (jk/car/fm) Standard LaTeX file
LaTeX Font Info:    Redeclaring font encoding TS1 on input line 47.
)) (./svjour3.cls
Document Class: svjour3 2007/05/08 v3.2 
LaTeX document class for Springer journals
(c:/texlive/2022/texmf-dist/tex/latex/base/fleqn.clo
File: fleqn.clo 2016/12/29 v1.2b Standard LaTeX option (flush left equations)
\mathindent=\skip47
Applying: [2015/01/01] Make \[ robust on input line 50.
LaTeX Info: Redefining \[ on input line 51.
Already applied: [0000/00/00] Make \[ robust on input line 62.
Applying: [2015/01/01] Make \] robust on input line 74.
LaTeX Info: Redefining \] on input line 75.
Already applied: [0000/00/00] Make \] robust on input line 83.
)
Class Springer-SVJour3 Info: extra/valid Springer sub-package (-> *.clo) 
(Springer-SVJour3)           not found in option list of \documentclass
(Springer-SVJour3)           - autoactivating "global" style.
 (./svglov3.clo
File: svglov3.clo 2009/12/18 v3.2 style option for standardised journals

SVJour Class option: svglov3.clo for standardised journals
)
LaTeX Font Info:    Redeclaring math symbol \Gamma on input line 147.
LaTeX Font Info:    Redeclaring math symbol \Delta on input line 148.
LaTeX Font Info:    Redeclaring math symbol \Theta on input line 149.
LaTeX Font Info:    Redeclaring math symbol \Lambda on input line 150.
LaTeX Font Info:    Redeclaring math symbol \Xi on input line 151.
LaTeX Font Info:    Redeclaring math symbol \Pi on input line 152.
LaTeX Font Info:    Redeclaring math symbol \Sigma on input line 153.
LaTeX Font Info:    Redeclaring math symbol \Upsilon on input line 154.
LaTeX Font Info:    Redeclaring math symbol \Phi on input line 155.
LaTeX Font Info:    Redeclaring math symbol \Psi on input line 156.
LaTeX Font Info:    Redeclaring math symbol \Omega on input line 157.
\logodepth=\dimen138
\headerboxheight=\dimen139
\betweenumberspace=\dimen140
\aftertext=\dimen141
\headlineindent=\dimen142
\c@inst=\count185
\c@auth=\count186
\instindent=\dimen143
\authrun=\box50
\authorrunning=\toks16
\titrun=\box51
\titlerunning=\toks17
\combirun=\box52
\c@lastpage=\count187
\rubricwidth=\dimen144
\c@section=\count188
\c@subsection=\count189
\c@subsubsection=\count190
\c@paragraph=\count191
\c@subparagraph=\count192
\spthmsep=\dimen145
\c@theorem=\count193
\c@case=\count194
\c@conjecture=\count195
\c@corollary=\count196
\c@definition=\count197
\c@example=\count198
\c@exercise=\count199
\c@lemma=\count266
\c@note=\count267
\c@problem=\count268
\c@property=\count269
\c@proposition=\count270
\c@question=\count271
\c@solution=\count272
\c@remark=\count273
\c@figure=\count274
\c@table=\count275
\abovecaptionskip=\skip48
\belowcaptionskip=\skip49
\figcapgap=\dimen146
\tabcapgap=\dimen147
\figgap=\dimen148
\bibindent=\dimen149
\@tempcntc=\count276
) (c:/texlive/2022/texmf-dist/tex/latex/multirow/multirow.sty
Package: multirow 2021/03/15 v2.8 Span multiple rows of a table
\multirow@colwidth=\skip50
\multirow@cntb=\count277
\multirow@dima=\skip51
\bigstrutjot=\dimen150
)
(c:/texlive/2022/texmf-dist/tex/latex/graphics/color.sty
Package: color 2021/12/07 v1.3c Standard LaTeX Color (DPC)

(c:/texlive/2022/texmf-dist/tex/latex/graphics-cfg/color.cfg
File: color.cfg 2016/01/02 v1.6 sample color configuration
)
Package color Info: Driver file: pdftex.def on input line 149.

(c:/texlive/2022/texmf-dist/tex/latex/graphics-def/pdftex.def
File: pdftex.def 2020/10/05 v1.2a Graphics/color driver for pdftex
))
(c:/texlive/2022/texmf-dist/tex/latex/graphics/graphicx.sty
Package: graphicx 2021/09/16 v1.2d Enhanced LaTeX Graphics (DPC,SPQR)

(c:/texlive/2022/texmf-dist/tex/latex/graphics/keyval.sty
Package: keyval 2014/10/28 v1.15 key=value parser (DPC)
\KV@toks@=\toks18
)
(c:/texlive/2022/texmf-dist/tex/latex/graphics/graphics.sty
Package: graphics 2021/03/04 v1.4d Standard LaTeX Graphics (DPC,SPQR)

(c:/texlive/2022/texmf-dist/tex/latex/graphics/trig.sty
Package: trig 2021/08/11 v1.11 sin cos tan (DPC)
)
(c:/texlive/2022/texmf-dist/tex/latex/graphics-cfg/graphics.cfg
File: graphics.cfg 2016/06/04 v1.11 sample graphics configuration
)
Package graphics Info: Driver file: pdftex.def on input line 107.
)
\Gin@req@height=\dimen151
\Gin@req@width=\dimen152
)
(c:/texlive/2022/texmf-dist/tex/latex/amsmath/amsmath.sty
Package: amsmath 2021/10/15 v2.17l AMS math features
\@mathmargin=\skip52

For additional information on amsmath, use the `?' option.
(c:/texlive/2022/texmf-dist/tex/latex/amsmath/amstext.sty
Package: amstext 2021/08/26 v2.01 AMS text

(c:/texlive/2022/texmf-dist/tex/latex/amsmath/amsgen.sty
File: amsgen.sty 1999/11/30 v2.0 generic functions
\@emptytoks=\toks19
\ex@=\dimen153
))
(c:/texlive/2022/texmf-dist/tex/latex/amsmath/amsbsy.sty
Package: amsbsy 1999/11/29 v1.2d Bold Symbols
\pmbraise@=\dimen154
)
(c:/texlive/2022/texmf-dist/tex/latex/amsmath/amsopn.sty
Package: amsopn 2021/08/26 v2.02 operator names
)
\inf@bad=\count278
LaTeX Info: Redefining \frac on input line 234.
\uproot@=\count279
\leftroot@=\count280
LaTeX Info: Redefining \overline on input line 399.
\classnum@=\count281
\DOTSCASE@=\count282
LaTeX Info: Redefining \ldots on input line 496.
LaTeX Info: Redefining \dots on input line 499.
LaTeX Info: Redefining \cdots on input line 620.
\Mathstrutbox@=\box53
\strutbox@=\box54
\big@size=\dimen155
LaTeX Font Info:    Redeclaring font encoding OML on input line 743.
LaTeX Font Info:    Redeclaring font encoding OMS on input line 744.
\macc@depth=\count283
\c@MaxMatrixCols=\count284
\dotsspace@=\muskip16
\c@parentequation=\count285
\dspbrk@lvl=\count286
\tag@help=\toks20
\row@=\count287
\column@=\count288
\maxfields@=\count289
\andhelp@=\toks21
\eqnshift@=\dimen156
\alignsep@=\dimen157
\tagshift@=\dimen158
\tagwidth@=\dimen159
\totwidth@=\dimen160
\lineht@=\dimen161
\@envbody=\toks22
\multlinegap=\skip53
\multlinetaggap=\skip54
\mathdisplay@stack=\toks23
LaTeX Info: Redefining \[ on input line 2938.
LaTeX Info: Redefining \] on input line 2939.
)
(c:/texlive/2022/texmf-dist/tex/latex/tools/enumerate.sty
Package: enumerate 2015/07/23 v3.00 enumerate extensions (DPC)
\@enLab=\toks24
)
(c:/texlive/2022/texmf-dist/tex/latex/subfigure/subfigure.sty
Package: subfigure 2002/03/15 v2.1.5 subfigure package
\subfigtopskip=\skip55
\subfigcapskip=\skip56
\subfigcaptopadj=\dimen162
\subfigbottomskip=\skip57
\subfigcapmargin=\dimen163
\subfiglabelskip=\skip58
\c@subfigure=\count290
\c@lofdepth=\count291
\c@subtable=\count292
\c@lotdepth=\count293

****************************************
* Local config file subfigure.cfg used *
****************************************
(c:/texlive/2022/texmf-dist/tex/latex/subfigure/subfigure.cfg)
\subfig@top=\skip59
\subfig@bottom=\skip60
)
(c:/texlive/2022/texmf-dist/tex/latex/booktabs/booktabs.sty
Package: booktabs 2020/01/12 v1.61803398 Publication quality tables
\heavyrulewidth=\dimen164
\lightrulewidth=\dimen165
\cmidrulewidth=\dimen166
\belowrulesep=\dimen167
\belowbottomsep=\dimen168
\aboverulesep=\dimen169
\abovetopsep=\dimen170
\cmidrulesep=\dimen171
\cmidrulekern=\dimen172
\defaultaddspace=\dimen173
\@cmidla=\count294
\@cmidlb=\count295
\@aboverulesep=\dimen174
\@belowrulesep=\dimen175
\@thisruleclass=\count296
\@lastruleclass=\count297
\@thisrulewidth=\dimen176
)
(c:/texlive/2022/texmf-dist/tex/latex/float/float.sty
Package: float 2001/11/08 v1.3d Float enhancements (AL)
\c@float@type=\count298
\float@exts=\toks25
\float@box=\box55
\@float@everytoks=\toks26
\@floatcapt=\box56
)
(c:/texlive/2022/texmf-dist/tex/latex/hyperref/hyperref.sty
Package: hyperref 2022-02-21 v7.00n Hypertext links for LaTeX

(c:/texlive/2022/texmf-dist/tex/generic/ltxcmds/ltxcmds.sty
Package: ltxcmds 2020-05-10 v1.25 LaTeX kernel commands for general use (HO)
)
(c:/texlive/2022/texmf-dist/tex/generic/iftex/iftex.sty
Package: iftex 2022/02/03 v1.0f TeX engine tests
)
(c:/texlive/2022/texmf-dist/tex/generic/pdftexcmds/pdftexcmds.sty
Package: pdftexcmds 2020-06-27 v0.33 Utility functions of pdfTeX for LuaTeX (HO
)

(c:/texlive/2022/texmf-dist/tex/generic/infwarerr/infwarerr.sty
Package: infwarerr 2019/12/03 v1.5 Providing info/warning/error messages (HO)
)
Package pdftexcmds Info: \pdf@primitive is available.
Package pdftexcmds Info: \pdf@ifprimitive is available.
Package pdftexcmds Info: \pdfdraftmode found.
)
(c:/texlive/2022/texmf-dist/tex/generic/kvsetkeys/kvsetkeys.sty
Package: kvsetkeys 2019/12/15 v1.18 Key value parser (HO)
)
(c:/texlive/2022/texmf-dist/tex/generic/kvdefinekeys/kvdefinekeys.sty
Package: kvdefinekeys 2019-12-19 v1.6 Define keys (HO)
)
(c:/texlive/2022/texmf-dist/tex/generic/pdfescape/pdfescape.sty
Package: pdfescape 2019/12/09 v1.15 Implements pdfTeX's escape features (HO)
)
(c:/texlive/2022/texmf-dist/tex/latex/hycolor/hycolor.sty
Package: hycolor 2020-01-27 v1.10 Color options for hyperref/bookmark (HO)
)
(c:/texlive/2022/texmf-dist/tex/latex/letltxmacro/letltxmacro.sty
Package: letltxmacro 2019/12/03 v1.6 Let assignment for LaTeX macros (HO)
)
(c:/texlive/2022/texmf-dist/tex/latex/auxhook/auxhook.sty
Package: auxhook 2019-12-17 v1.6 Hooks for auxiliary files (HO)
)
(c:/texlive/2022/texmf-dist/tex/latex/kvoptions/kvoptions.sty
Package: kvoptions 2020-10-07 v3.14 Key value format for package options (HO)
)
\@linkdim=\dimen177
\Hy@linkcounter=\count299
\Hy@pagecounter=\count300

(c:/texlive/2022/texmf-dist/tex/latex/hyperref/pd1enc.def
File: pd1enc.def 2022-02-21 v7.00n Hyperref: PDFDocEncoding definition (HO)
Now handling font encoding PD1 ...
... no UTF-8 mapping file for font encoding PD1
)
(c:/texlive/2022/texmf-dist/tex/generic/intcalc/intcalc.sty
Package: intcalc 2019/12/15 v1.3 Expandable calculations with integers (HO)
)
(c:/texlive/2022/texmf-dist/tex/generic/etexcmds/etexcmds.sty
Package: etexcmds 2019/12/15 v1.7 Avoid name clashes with e-TeX commands (HO)
)
\Hy@SavedSpaceFactor=\count301

(c:/texlive/2022/texmf-dist/tex/latex/hyperref/puenc.def
File: puenc.def 2022-02-21 v7.00n Hyperref: PDF Unicode definition (HO)
Now handling font encoding PU ...
... no UTF-8 mapping file for font encoding PU
)
Package hyperref Info: Option `colorlinks' set `true' on input line 4018.
Package hyperref Info: Hyper figures OFF on input line 4137.
Package hyperref Info: Link nesting OFF on input line 4142.
Package hyperref Info: Hyper index ON on input line 4145.
Package hyperref Info: Plain pages OFF on input line 4152.
Package hyperref Info: Backreferencing OFF on input line 4157.
Package hyperref Info: Implicit mode ON; LaTeX internals redefined.
Package hyperref Info: Bookmarks ON on input line 4390.
\c@Hy@tempcnt=\count302

(c:/texlive/2022/texmf-dist/tex/latex/url/url.sty
\Urlmuskip=\muskip17
Package: url 2013/09/16  ver 3.4  Verb mode for urls, etc.
)
LaTeX Info: Redefining \url on input line 4749.
\XeTeXLinkMargin=\dimen178

(c:/texlive/2022/texmf-dist/tex/generic/bitset/bitset.sty
Package: bitset 2019/12/09 v1.3 Handle bit-vector datatype (HO)

(c:/texlive/2022/texmf-dist/tex/generic/bigintcalc/bigintcalc.sty
Package: bigintcalc 2019/12/15 v1.5 Expandable calculations on big integers (HO
)
))
\Fld@menulength=\count303
\Field@Width=\dimen179
\Fld@charsize=\dimen180
Package hyperref Info: Hyper figures OFF on input line 6027.
Package hyperref Info: Link nesting OFF on input line 6032.
Package hyperref Info: Hyper index ON on input line 6035.
Package hyperref Info: backreferencing OFF on input line 6042.
Package hyperref Info: Link coloring ON on input line 6045.
Package hyperref Info: Link coloring with OCG OFF on input line 6052.
Package hyperref Info: PDF/A mode OFF on input line 6057.
LaTeX Info: Redefining \ref on input line 6097.
LaTeX Info: Redefining \pageref on input line 6101.

(c:/texlive/2022/texmf-dist/tex/latex/base/atbegshi-ltx.sty
Package: atbegshi-ltx 2021/01/10 v1.0c Emulation of the original atbegshi
package with kernel methods
)
\Hy@abspage=\count304
\c@Item=\count305
\c@Hfootnote=\count306
)
Package hyperref Info: Driver (autodetected): hpdftex.

(c:/texlive/2022/texmf-dist/tex/latex/hyperref/hpdftex.def
File: hpdftex.def 2022-02-21 v7.00n Hyperref driver for pdfTeX

(c:/texlive/2022/texmf-dist/tex/latex/base/atveryend-ltx.sty
Package: atveryend-ltx 2020/08/19 v1.0a Emulation of the original atveryend pac
kage
with kernel methods
)
\Fld@listcount=\count307
\c@bookmark@seq@number=\count308

(c:/texlive/2022/texmf-dist/tex/latex/rerunfilecheck/rerunfilecheck.sty
Package: rerunfilecheck 2019/12/05 v1.9 Rerun checks for auxiliary files (HO)

(c:/texlive/2022/texmf-dist/tex/generic/uniquecounter/uniquecounter.sty
Package: uniquecounter 2019/12/15 v1.4 Provide unlimited unique counter (HO)
)
Package uniquecounter Info: New unique counter `rerunfilecheck' on input line 2
86.
)
\Hy@SectionHShift=\skip61
)
(c:/texlive/2022/texmf-dist/tex/latex/marvosym/marvosym.sty
Package: marvosym 2011/07/20 v2.2 Martin Vogel's Symbols font definitions
)
(c:/texlive/2022/texmf-dist/tex/latex/l3backend/l3backend-pdftex.def
File: l3backend-pdftex.def 2022-02-07 L3 backend support: PDF output (pdfTeX)
\l__color_backend_stack_int=\count309
\l__pdf_internal_box=\box57
)
(./template.aux

LaTeX Warning: Label `(2,2)-VC' multiply defined.


LaTeX Warning: Label `eq1' multiply defined.


LaTeX Warning: Label `eq1' multiply defined.


LaTeX Warning: Label `(2,2)-VC' multiply defined.


LaTeX Warning: Label `eq1' multiply defined.


LaTeX Warning: Label `eq1' multiply defined.


LaTeX Warning: Label `eq1' multiply defined.


LaTeX Warning: Label `subsec_NC-BPDVC_framework' multiply defined.


LaTeX Warning: Label `eq1' multiply defined.


LaTeX Warning: Label `eq1' multiply defined.


LaTeX Warning: Label `eq1' multiply defined.


LaTeX Warning: Label `eq1' multiply defined.


LaTeX Warning: Label `(2,2)-VC' multiply defined.


LaTeX Warning: Label `subsec_NC-BPDVC_framework' multiply defined.


LaTeX Warning: Label `subsec_NC-BPDVC_framework' multiply defined.


LaTeX Warning: Label `subsec_NC-BPDVC_framework' multiply defined.


LaTeX Warning: Label `subsec_NC-BPDVC_framework' multiply defined.


LaTeX Warning: Label `subsec_NC-BPDVC_framework' multiply defined.


LaTeX Warning: Label `subsec_NC-BPDVC_framework' multiply defined.


LaTeX Warning: Label `subsec_Encoding' multiply defined.


LaTeX Warning: Label `1111' multiply defined.

)
\openout1 = `template.aux'.

LaTeX Font Info:    Checking defaults for OML/cmm/m/it on input line 74.
LaTeX Font Info:    ... okay on input line 74.
LaTeX Font Info:    Checking defaults for OMS/cmsy/m/n on input line 74.
LaTeX Font Info:    ... okay on input line 74.
LaTeX Font Info:    Checking defaults for OT1/cmr/m/n on input line 74.
LaTeX Font Info:    ... okay on input line 74.
LaTeX Font Info:    Checking defaults for T1/cmr/m/n on input line 74.
LaTeX Font Info:    ... okay on input line 74.
LaTeX Font Info:    Checking defaults for TS1/cmr/m/n on input line 74.
LaTeX Font Info:    ... okay on input line 74.
LaTeX Font Info:    Checking defaults for OMX/cmex/m/n on input line 74.
LaTeX Font Info:    ... okay on input line 74.
LaTeX Font Info:    Checking defaults for U/cmr/m/n on input line 74.
LaTeX Font Info:    ... okay on input line 74.
LaTeX Font Info:    Checking defaults for PD1/pdf/m/n on input line 74.
LaTeX Font Info:    ... okay on input line 74.
LaTeX Font Info:    Checking defaults for PU/pdf/m/n on input line 74.
LaTeX Font Info:    ... okay on input line 74.

Unknown journal: specify \journalname{<name of your journal>} in preambel

(c:/texlive/2022/texmf-dist/tex/context/base/mkii/supp-pdf.mkii
[Loading MPS to PDF converter (version 2006.09.02).]
\scratchcounter=\count310
\scratchdimen=\dimen181
\scratchbox=\box58
\nofMPsegments=\count311
\nofMParguments=\count312
\everyMPshowfont=\toks27
\MPscratchCnt=\count313
\MPscratchDim=\dimen182
\MPnumerator=\count314
\makeMPintoPDFobject=\count315
\everyMPtoPDFconversion=\toks28
) (c:/texlive/2022/texmf-dist/tex/latex/epstopdf-pkg/epstopdf-base.sty
Package: epstopdf-base 2020-01-24 v2.11 Base part for package epstopdf
Package epstopdf-base Info: Redefining graphics rule for `.eps' on input line 4
85.

(c:/texlive/2022/texmf-dist/tex/latex/latexconfig/epstopdf-sys.cfg
File: epstopdf-sys.cfg 2010/07/13 v1.3 Configuration of (r)epstopdf for TeX Liv
e
))
Package hyperref Info: Link coloring ON on input line 74.

(c:/texlive/2022/texmf-dist/tex/latex/hyperref/nameref.sty
Package: nameref 2021-04-02 v2.47 Cross-referencing by name of section

(c:/texlive/2022/texmf-dist/tex/latex/refcount/refcount.sty
Package: refcount 2019/12/15 v3.6 Data extraction from label references (HO)
)
(c:/texlive/2022/texmf-dist/tex/generic/gettitlestring/gettitlestring.sty
Package: gettitlestring 2019/12/15 v1.6 Cleanup title references (HO)
)
\c@section@level=\count316
)
LaTeX Info: Redefining \ref on input line 74.
LaTeX Info: Redefining \pageref on input line 74.
LaTeX Info: Redefining \nameref on input line 74.

(./template.out) (./template.out)
\@outlinefile=\write3
\openout3 = `template.out'.


SVJour3 warning: Missing \journalname
LaTeX Font Info:    Trying to load font information for U+mvs on input line 106
.
(c:/texlive/2022/texmf-dist/tex/latex/marvosym/umvs.fd)
LaTeX Font Info:    Calculating math sizes for size <8.5> on input line 106.


LaTeX Font Warning: Font shape `OMX/cmex/m/n' in size <8.5> not available
(Font)              size <8> substituted on input line 106.


Underfull \vbox (badness 6876) has occurred while \output is active []

 [1{c:/texlive/2022/texmf-var/fonts/map/pdftex/updmap/pdftex.map}


]
Package epstopdf Info: Source file: <imageslice.eps>
(epstopdf)                    date: 2023-06-04 19:56:54
(epstopdf)                    size: 5013965 bytes
(epstopdf)             Output file: <imageslice-eps-converted-to.pdf>
(epstopdf)                    date: 2023-06-04 19:57:27
(epstopdf)                    size: 96908 bytes
(epstopdf)             Command: <repstopdf --outfile=imageslice-eps-converted-t
o.pdf imageslice.eps>
(epstopdf)             \includegraphics on input line 145.
Package epstopdf Info: Output file is already uptodate.
<imageslice-eps-converted-to.pdf, id=119, 332.24126pt x 170.6375pt>
File: imageslice-eps-converted-to.pdf Graphic file (type pdf)
<use imageslice-eps-converted-to.pdf>
Package pdftex.def Info: imageslice-eps-converted-to.pdf  used on input line 14
5.
(pdftex.def)             Requested size: 113.81102pt x 58.4534pt.
 [2 <./imageslice-eps-converted-to.pdf>]
Overfull \hbox (11.31544pt too wide) in paragraph at lines 222--223
[]\OT1/cmr/m/n/10 The mul-ti-pli-ca-tion of these two poly-no-mi-als on $\OML/c
mm/m/it/10 GF\OT1/cmr/m/n/10 (2[])$
 []

[3]
Package epstopdf Info: Source file: <DAP.eps>
(epstopdf)                    date: 2023-06-04 19:58:44
(epstopdf)                    size: 1679453 bytes
(epstopdf)             Output file: <DAP-eps-converted-to.pdf>
(epstopdf)                    date: 2023-06-04 19:59:04
(epstopdf)                    size: 21653 bytes
(epstopdf)             Command: <repstopdf --outfile=DAP-eps-converted-to.pdf D
AP.eps>
(epstopdf)             \includegraphics on input line 278.
Package epstopdf Info: Output file is already uptodate.
<DAP-eps-converted-to.pdf, id=172, 254.9525pt x 73.27374pt>
File: DAP-eps-converted-to.pdf Graphic file (type pdf)
<use DAP-eps-converted-to.pdf>
Package pdftex.def Info: DAP-eps-converted-to.pdf  used on input line 278.
(pdftex.def)             Requested size: 241.84842pt x 69.51125pt.

Overfull \hbox (2.88425pt too wide) in paragraph at lines 278--278
 [] 
 []

Package epstopdf Info: Source file: <DMP.eps>
(epstopdf)                    date: 2023-06-04 19:59:37
(epstopdf)                    size: 2389291 bytes
(epstopdf)             Output file: <DMP-eps-converted-to.pdf>
(epstopdf)                    date: 2023-06-04 19:59:52
(epstopdf)                    size: 29713 bytes
(epstopdf)             Command: <repstopdf --outfile=DMP-eps-converted-to.pdf D
MP.eps>
(epstopdf)             \includegraphics on input line 295.
Package epstopdf Info: Output file is already uptodate.
<DMP-eps-converted-to.pdf, id=174, 254.9525pt x 104.39pt>
File: DMP-eps-converted-to.pdf Graphic file (type pdf)
<use DMP-eps-converted-to.pdf>
Package pdftex.def Info: DMP-eps-converted-to.pdf  used on input line 295.
(pdftex.def)             Requested size: 227.62204pt x 93.20465pt.

Overfull \hbox (5.59183pt too wide) in paragraph at lines 302--304
[]\OT1/cmr/m/n/10 Respectively, us-ing the mul-ti-plica-tively su-per-im-posed
 []

[4 <./DAP-eps-converted-to.pdf> <./DMP-eps-converted-to.pdf>]
Package epstopdf Info: Source file: <SGM_liu.eps>
(epstopdf)                    date: 2023-06-05 09:11:32
(epstopdf)                    size: 28519729 bytes
(epstopdf)             Output file: <SGM_liu-eps-converted-to.pdf>
(epstopdf)                    date: 2023-06-05 09:11:39
(epstopdf)                    size: 522444 bytes
(epstopdf)             Command: <repstopdf --outfile=SGM_liu-eps-converted-to.p
df SGM_liu.eps>
(epstopdf)             \includegraphics on input line 324.
Package epstopdf Info: Output file is already uptodate.
<SGM_liu-eps-converted-to.pdf, id=198, 1015.795pt x 322.20375pt>
File: SGM_liu-eps-converted-to.pdf Graphic file (type pdf)
<use SGM_liu-eps-converted-to.pdf>
Package pdftex.def Info: SGM_liu-eps-converted-to.pdf  used on input line 324.
(pdftex.def)             Requested size: 420.75302pt x 133.46132pt.

Overfull \hbox (7.56721pt too wide) in paragraph at lines 334--335
\OT1/cmr/m/n/10 con-structed for each data.The co-ef-fi-cients $\OML/cmm/m/it/1
0 a[]; a[]; []  ; a[]$
 []

Package epstopdf Info: Source file: <SGU.eps>
(epstopdf)                    date: 2023-06-05 09:11:05
(epstopdf)                    size: 25380677 bytes
(epstopdf)             Output file: <SGU-eps-converted-to.pdf>
(epstopdf)                    date: 2023-06-05 09:11:41
(epstopdf)                    size: 132534 bytes
(epstopdf)             Command: <repstopdf --outfile=SGU-eps-converted-to.pdf S
GU.eps>
(epstopdf)             \includegraphics on input line 366.
Package epstopdf Info: Output file is already uptodate.
<SGU-eps-converted-to.pdf, id=200, 689.57625pt x 422.57875pt>
File: SGU-eps-converted-to.pdf Graphic file (type pdf)
<use SGU-eps-converted-to.pdf>
Package pdftex.def Info: SGU-eps-converted-to.pdf  used on input line 366.
(pdftex.def)             Requested size: 241.84842pt x 148.20782pt.

Overfull \hbox (2.88425pt too wide) in paragraph at lines 366--366
 [] 
 []

Package epstopdf Info: Source file: <cyclic.eps>
(epstopdf)                    date: 2023-06-04 20:05:13
(epstopdf)                    size: 25174443 bytes
(epstopdf)             Output file: <cyclic-eps-converted-to.pdf>
(epstopdf)                    date: 2023-06-04 20:05:26
(epstopdf)                    size: 145024 bytes
(epstopdf)             Command: <repstopdf --outfile=cyclic-eps-converted-to.pd
f cyclic.eps>
(epstopdf)             \includegraphics on input line 379.
Package epstopdf Info: Output file is already uptodate.
<cyclic-eps-converted-to.pdf, id=202, 670.505pt x 430.60875pt>
File: cyclic-eps-converted-to.pdf Graphic file (type pdf)
<use cyclic-eps-converted-to.pdf>
Package pdftex.def Info: cyclic-eps-converted-to.pdf  used on input line 379.
(pdftex.def)             Requested size: 241.84842pt x 155.3147pt.

Overfull \hbox (2.88425pt too wide) in paragraph at lines 379--379
 [] 
 []

Package epstopdf Info: Source file: <cycle.eps>
(epstopdf)                    date: 2023-06-04 20:06:48
(epstopdf)                    size: 16058517 bytes
(epstopdf)             Output file: <cycle-eps-converted-to.pdf>
(epstopdf)                    date: 2023-06-04 20:07:01
(epstopdf)                    size: 75945 bytes
(epstopdf)             Command: <repstopdf --outfile=cycle-eps-converted-to.pdf
 cycle.eps>
(epstopdf)             \includegraphics on input line 403.
Package epstopdf Info: Output file is already uptodate.
<cycle-eps-converted-to.pdf, id=204, 892.33376pt x 207.77625pt>
File: cycle-eps-converted-to.pdf Graphic file (type pdf)
<use cycle-eps-converted-to.pdf>
Package pdftex.def Info: cycle-eps-converted-to.pdf  used on input line 403.
(pdftex.def)             Requested size: 420.75302pt x 97.97188pt.

Underfull \vbox (badness 3635) has occurred while \output is active []

 [5]
Package epstopdf Info: Source file: <Mulin.eps>
(epstopdf)                    date: 2023-06-04 20:07:37
(epstopdf)                    size: 17241231 bytes
(epstopdf)             Output file: <Mulin-eps-converted-to.pdf>
(epstopdf)                    date: 2023-06-04 20:07:47
(epstopdf)                    size: 95671 bytes
(epstopdf)             Command: <repstopdf --outfile=Mulin-eps-converted-to.pdf
 Mulin.eps>
(epstopdf)             \includegraphics on input line 418.
Package epstopdf Info: Output file is already uptodate.
<Mulin-eps-converted-to.pdf, id=227, 615.29875pt x 320.19624pt>
File: Mulin-eps-converted-to.pdf Graphic file (type pdf)
<use Mulin-eps-converted-to.pdf>
Package pdftex.def Info: Mulin-eps-converted-to.pdf  used on input line 418.
(pdftex.def)             Requested size: 241.84842pt x 125.85318pt.

Overfull \hbox (2.88425pt too wide) in paragraph at lines 418--418
 [] 
 []

Package epstopdf Info: Source file: <Mulout.eps>
(epstopdf)                    date: 2023-06-04 20:08:18
(epstopdf)                    size: 14022136 bytes
(epstopdf)             Output file: <Mulout-eps-converted-to.pdf>
(epstopdf)                    date: 2023-06-04 20:08:27
(epstopdf)                    size: 71077 bytes
(epstopdf)             Command: <repstopdf --outfile=Mulout-eps-converted-to.pd
f Mulout.eps>
(epstopdf)             \includegraphics on input line 431.
Package epstopdf Info: Output file is already uptodate.
<Mulout-eps-converted-to.pdf, id=228, 674.52pt x 237.88875pt>
File: Mulout-eps-converted-to.pdf Graphic file (type pdf)
<use Mulout-eps-converted-to.pdf>
Package pdftex.def Info: Mulout-eps-converted-to.pdf  used on input line 431.
(pdftex.def)             Requested size: 241.84842pt x 85.29503pt.

Overfull \hbox (2.88425pt too wide) in paragraph at lines 431--431
 [] 
 []

Package epstopdf Info: Source file: <SRM_jian.eps>
(epstopdf)                    date: 2023-06-05 09:12:21
(epstopdf)                    size: 32907212 bytes
(epstopdf)             Output file: <SRM_jian-eps-converted-to.pdf>
(epstopdf)                    date: 2023-06-05 09:12:32
(epstopdf)                    size: 552007 bytes
(epstopdf)             Command: <repstopdf --outfile=SRM_jian-eps-converted-to.
pdf SRM_jian.eps>
(epstopdf)             \includegraphics on input line 448.
Package epstopdf Info: Output file is already uptodate.
<SRM_jian-eps-converted-to.pdf, id=230, 1036.87375pt x 363.3575pt>
File: SRM_jian-eps-converted-to.pdf Graphic file (type pdf)
<use SRM_jian-eps-converted-to.pdf>
Package pdftex.def Info: SRM_jian-eps-converted-to.pdf  used on input line 448.

(pdftex.def)             Requested size: 420.75302pt x 147.44728pt.

Overfull \hbox (14.06409pt too wide) in paragraph at lines 467--468
[]\OT1/cmr/m/n/10 The co-ef-fi-cients of the La-grangian in-ter-po-la-tion meth
od
 []

Package epstopdf Info: Source file: <SRU.eps>
(epstopdf)                    date: 2023-06-04 20:12:54
(epstopdf)                    size: 15988640 bytes
(epstopdf)             Output file: <SRU-eps-converted-to.pdf>
(epstopdf)                    date: 2023-06-04 20:13:04
(epstopdf)                    size: 72462 bytes
(epstopdf)             Command: <repstopdf --outfile=SRU-eps-converted-to.pdf S
RU.eps>
(epstopdf)             \includegraphics on input line 473.
Package epstopdf Info: Output file is already uptodate.
<SRU-eps-converted-to.pdf, id=232, 509.905pt x 357.335pt>
File: SRU-eps-converted-to.pdf Graphic file (type pdf)
<use SRU-eps-converted-to.pdf>
Package pdftex.def Info: SRU-eps-converted-to.pdf  used on input line 473.
(pdftex.def)             Requested size: 227.62204pt x 159.51793pt.
[6 <./SGM_liu-eps-converted-to.pdf> <./SGU-eps-converted-to.pdf> <./cyclic-eps-
converted-to.pdf>]
Overfull \hbox (9.53633pt too wide) in paragraph at lines 484--485
\OT1/cmr/m/n/10 party com-pu-ta-tion, re-al-iz-ing ef-fi-cient op-er-a-tions fo
r multi-
 []

Package epstopdf Info: Source file: <mulcom1.eps>
(epstopdf)                    date: 2023-06-04 20:13:46
(epstopdf)                    size: 21317011 bytes
(epstopdf)             Output file: <mulcom1-eps-converted-to.pdf>
(epstopdf)                    date: 2023-06-04 20:13:55
(epstopdf)                    size: 148588 bytes
(epstopdf)             Command: <repstopdf --outfile=mulcom1-eps-converted-to.p
df mulcom1.eps>
(epstopdf)             \includegraphics on input line 494.
Package epstopdf Info: Output file is already uptodate.
<mulcom1-eps-converted-to.pdf, id=257, 671.50874pt x 365.365pt>
File: mulcom1-eps-converted-to.pdf Graphic file (type pdf)
<use mulcom1-eps-converted-to.pdf>
Package pdftex.def Info: mulcom1-eps-converted-to.pdf  used on input line 494.
(pdftex.def)             Requested size: 241.84842pt x 131.58704pt.

Overfull \hbox (2.88425pt too wide) in paragraph at lines 494--494
 [] 
 []

Package epstopdf Info: Source file: <example.eps>
(epstopdf)                    date: 2023-06-04 20:15:42
(epstopdf)                    size: 27096836 bytes
(epstopdf)             Output file: <example-eps-converted-to.pdf>
(epstopdf)                    date: 2023-06-04 20:15:52
(epstopdf)                    size: 132254 bytes
(epstopdf)             Command: <repstopdf --outfile=example-eps-converted-to.p
df example.eps>
(epstopdf)             \includegraphics on input line 515.
Package epstopdf Info: Output file is already uptodate.
<example-eps-converted-to.pdf, id=258, 844.15375pt x 369.38pt>
File: example-eps-converted-to.pdf Graphic file (type pdf)
<use example-eps-converted-to.pdf>
Package pdftex.def Info: example-eps-converted-to.pdf  used on input line 515.
(pdftex.def)             Requested size: 341.43306pt x 149.40643pt.
[7 <./cycle-eps-converted-to.pdf> <./Mulin-eps-converted-to.pdf> <./Mulout-eps-
converted-to.pdf>]
Package epstopdf Info: Source file: <01-head.eps>
(epstopdf)                    date: 2023-06-04 20:16:39
(epstopdf)                    size: 4267782 bytes
(epstopdf)             Output file: <01-head-eps-converted-to.pdf>
(epstopdf)                    date: 2023-06-04 20:16:50
(epstopdf)                    size: 219915 bytes
(epstopdf)             Command: <repstopdf --outfile=01-head-eps-converted-to.p
df 01-head.eps>
(epstopdf)             \includegraphics on input line 538.
Package epstopdf Info: Output file is already uptodate.
<01-head-eps-converted-to.pdf, id=283, 221.82875pt x 214.8025pt>
File: 01-head-eps-converted-to.pdf Graphic file (type pdf)
<use 01-head-eps-converted-to.pdf>
Package pdftex.def Info: 01-head-eps-converted-to.pdf  used on input line 538.
(pdftex.def)             Requested size: 85.35826pt x 82.65169pt.
Package epstopdf Info: Source file: <slice_dir.eps>
(epstopdf)                    date: 2023-06-04 20:19:26
(epstopdf)                    size: 12780229 bytes
(epstopdf)             Output file: <slice_dir-eps-converted-to.pdf>
(epstopdf)                    date: 2023-06-04 20:19:36
(epstopdf)                    size: 214242 bytes
(epstopdf)             Command: <repstopdf --outfile=slice_dir-eps-converted-to
.pdf slice_dir.eps>
(epstopdf)             \includegraphics on input line 553.
Package epstopdf Info: Output file is already uptodate.
<slice_dir-eps-converted-to.pdf, id=285, 657.45625pt x 222.8325pt>
File: slice_dir-eps-converted-to.pdf Graphic file (type pdf)
<use slice_dir-eps-converted-to.pdf>
Package pdftex.def Info: slice_dir-eps-converted-to.pdf  used on input line 553
.
(pdftex.def)             Requested size: 241.84842pt x 81.9673pt.

Overfull \hbox (2.88425pt too wide) in paragraph at lines 553--553
 [] 
 []


LaTeX Warning: `h' float specifier changed to `ht'.

Package epstopdf Info: Source file: <4-1.eps>
(epstopdf)                    date: 2023-06-04 20:20:48
(epstopdf)                    size: 2704261 bytes
(epstopdf)             Output file: <4-1-eps-converted-to.pdf>
(epstopdf)                    date: 2023-06-04 20:21:00
(epstopdf)                    size: 50193 bytes
(epstopdf)             Command: <repstopdf --outfile=4-1-eps-converted-to.pdf 4
-1.eps>
(epstopdf)             \includegraphics on input line 569.
Package epstopdf Info: Output file is already uptodate.
<4-1-eps-converted-to.pdf, id=287, 255.95625pt x 131.49126pt>
File: 4-1-eps-converted-to.pdf Graphic file (type pdf)
<use 4-1-eps-converted-to.pdf>
Package pdftex.def Info: 4-1-eps-converted-to.pdf  used on input line 569.
(pdftex.def)             Requested size: 187.90244pt x 96.52953pt.
Package epstopdf Info: Source file: <3-1.eps>
(epstopdf)                    date: 2023-06-04 20:21:22
(epstopdf)                    size: 2693256 bytes
(epstopdf)             Output file: <3-1-eps-converted-to.pdf>
(epstopdf)                    date: 2023-06-04 20:22:49
(epstopdf)                    size: 49585 bytes
(epstopdf)             Command: <repstopdf --outfile=3-1-eps-converted-to.pdf 3
-1.eps>
(epstopdf)             \includegraphics on input line 575.
Package epstopdf Info: Output file is already uptodate.
<3-1-eps-converted-to.pdf, id=288, 256.96pt x 130.4875pt>
File: 3-1-eps-converted-to.pdf Graphic file (type pdf)
<use 3-1-eps-converted-to.pdf>
Package pdftex.def Info: 3-1-eps-converted-to.pdf  used on input line 575.
(pdftex.def)             Requested size: 187.90244pt x 95.42033pt.

Overfull \hbox (6.0209pt too wide) in paragraph at lines 569--576
 [][][][] 
 []

Package epstopdf Info: Source file: <2-1.eps>
(epstopdf)                    date: 2023-06-04 20:22:12
(epstopdf)                    size: 3043688 bytes
(epstopdf)             Output file: <2-1-eps-converted-to.pdf>
(epstopdf)                    date: 2023-06-04 20:22:51
(epstopdf)                    size: 179846 bytes
(epstopdf)             Command: <repstopdf --outfile=2-1-eps-converted-to.pdf 2
-1.eps>
(epstopdf)             \includegraphics on input line 582.
Package epstopdf Info: Output file is already uptodate.
<2-1-eps-converted-to.pdf, id=289, 255.95625pt x 132.495pt>
File: 2-1-eps-converted-to.pdf Graphic file (type pdf)
<use 2-1-eps-converted-to.pdf>
Package pdftex.def Info: 2-1-eps-converted-to.pdf  used on input line 582.
(pdftex.def)             Requested size: 187.90244pt x 97.26639pt.
Package epstopdf Info: Source file: <1-1.eps>
(epstopdf)                    date: 2023-06-04 20:22:31
(epstopdf)                    size: 2994084 bytes
(epstopdf)             Output file: <1-1-eps-converted-to.pdf>
(epstopdf)                    date: 2023-06-04 20:22:54
(epstopdf)                    size: 178911 bytes
(epstopdf)             Command: <repstopdf --outfile=1-1-eps-converted-to.pdf 1
-1.eps>
(epstopdf)             \includegraphics on input line 588.
Package epstopdf Info: Output file is already uptodate.
<1-1-eps-converted-to.pdf, id=290, 255.95625pt x 130.4875pt>
File: 1-1-eps-converted-to.pdf Graphic file (type pdf)
<use 1-1-eps-converted-to.pdf>
Package pdftex.def Info: 1-1-eps-converted-to.pdf  used on input line 588.
(pdftex.def)             Requested size: 187.90244pt x 95.79266pt.

Overfull \hbox (6.0209pt too wide) in paragraph at lines 582--590
 [][][][] 
 []

[8 <./SRM_jian-eps-converted-to.pdf> <./SRU-eps-converted-to.pdf> <./mulcom1-ep
s-converted-to.pdf>]
Overfull \hbox (1.81293pt too wide) in paragraph at lines 599--600
\OT1/cmr/m/n/10 value in an im-age. A nat-u-ral im-age usu-ally has a screwed
 []

Package epstopdf Info: Source file: <fanga.eps>
(epstopdf)                    date: 2023-06-04 20:23:45
(epstopdf)                    size: 10068913 bytes
(epstopdf)             Output file: <fanga-eps-converted-to.pdf>
(epstopdf)                    date: 2023-06-04 20:24:34
(epstopdf)                    size: 46587 bytes
(epstopdf)             Command: <repstopdf --outfile=fanga-eps-converted-to.pdf
 fanga.eps>
(epstopdf)             \includegraphics on input line 610.
Package epstopdf Info: Output file is already uptodate.
<fanga-eps-converted-to.pdf, id=314, 367.3725pt x 308.15125pt>
File: fanga-eps-converted-to.pdf Graphic file (type pdf)
<use fanga-eps-converted-to.pdf>
Package pdftex.def Info: fanga-eps-converted-to.pdf  used on input line 610.
(pdftex.def)             Requested size: 108.405pt x 90.92734pt.
Package epstopdf Info: Source file: <fangb.eps>
(epstopdf)                    date: 2023-06-04 20:24:04
(epstopdf)                    size: 10174672 bytes
(epstopdf)             Output file: <fangb-eps-converted-to.pdf>
(epstopdf)                    date: 2023-06-04 20:24:37
(epstopdf)                    size: 77324 bytes
(epstopdf)             Command: <repstopdf --outfile=fangb-eps-converted-to.pdf
 fangb.eps>
(epstopdf)             \includegraphics on input line 616.
Package epstopdf Info: Output file is already uptodate.
<fangb-eps-converted-to.pdf, id=315, 371.3875pt x 308.15125pt>
File: fangb-eps-converted-to.pdf Graphic file (type pdf)
<use fangb-eps-converted-to.pdf>
Package pdftex.def Info: fangb-eps-converted-to.pdf  used on input line 616.
(pdftex.def)             Requested size: 108.405pt x 89.94461pt.

Overfull \hbox (12.04181pt too wide) in paragraph at lines 610--617
 [][][][] 
 []

Package epstopdf Info: Source file: <fangc.eps>
(epstopdf)                    date: 2023-06-04 20:24:19
(epstopdf)                    size: 10168628 bytes
(epstopdf)             Output file: <fangc-eps-converted-to.pdf>
(epstopdf)                    date: 2023-06-04 20:24:39
(epstopdf)                    size: 76285 bytes
(epstopdf)             Command: <repstopdf --outfile=fangc-eps-converted-to.pdf
 fangc.eps>
(epstopdf)             \includegraphics on input line 623.
Package epstopdf Info: Output file is already uptodate.
<fangc-eps-converted-to.pdf, id=316, 371.3875pt x 308.15125pt>
File: fangc-eps-converted-to.pdf Graphic file (type pdf)
<use fangc-eps-converted-to.pdf>
Package pdftex.def Info: fangc-eps-converted-to.pdf  used on input line 623.
(pdftex.def)             Requested size: 108.405pt x 89.94461pt.

Overfull \hbox (5.00853pt too wide) in paragraph at lines 629--630
[]\OT1/cmr/m/n/10 Entropy in in-for-ma-tion the-ory was pro-posed by Shan-
 []

[9 <./example-eps-converted-to.pdf> <./01-head-eps-converted-to.pdf> <./slice_d
ir-eps-converted-to.pdf>]
Underfull \vbox (badness 1776) has occurred while \output is active []

 [10 <./4-1-eps-converted-to.pdf> <./3-1-eps-converted-to.pdf> <./2-1-eps-conve
rted-to.pdf> <./1-1-eps-converted-to.pdf>]
Overfull \hbox (20.28358pt too wide) in paragraph at lines 741--743
\OT1/cmtt/m/n/10 com / 1184745459 / 3D-[]data-[]cubes-[]experimental-[]results$
[][] 
 []



pdfTeX warning: pdflatex.exe (file ./4321.pdf): PDF inclusion: found PDF versio
n <1.7>, but at most version <1.5> allowed
<4321.pdf, id=394, 427.64066pt x 307.30109pt>
File: 4321.pdf Graphic file (type pdf)
<use 4321.pdf>
Package pdftex.def Info: 4321.pdf  used on input line 768.
(pdftex.def)             Requested size: 130.08621pt x 93.48051pt.

Overfull \hbox (10.60413pt too wide) in paragraph at lines 768--768
 [][] 
 []



pdfTeX warning: pdflatex.exe (file ./1234.pdf): PDF inclusion: found PDF versio
n <1.7>, but at most version <1.5> allowed
<1234.pdf, id=395, 427.5975pt x 311.36327pt>
File: 1234.pdf Graphic file (type pdf)
<use 1234.pdf>
Package pdftex.def Info: 1234.pdf  used on input line 774.
(pdftex.def)             Requested size: 130.08621pt x 94.72096pt.

Overfull \hbox (10.60413pt too wide) in paragraph at lines 774--774
 [][] 
 []


Overfull \hbox (12.04181pt too wide) in paragraph at lines 768--776
 [][][][] 
 []


Overfull \hbox (16.89511pt too wide) in paragraph at lines 787--788
\OT1/cmr/m/n/8.5 dong Provin-cial Nat-u-ral Sci-ence Foun-da-tion (No. ZR2021MF
050),
 []


Overfull \hbox (5.20297pt too wide) in paragraph at lines 799--800
\OT1/cmr/m/n/10 by[Tao Liu], [Bin Yan], [Jeng-Shyang Pan] and [Hong-
 []

(./template.bbl
Underfull \hbox (badness 2318) in paragraph at lines 14--18
[]\OT1/cmr/m/n/8.5 O.B. Chanu, A. Nee-l-ima, In-ter-na-tional Jour-nal of
 []


Underfull \hbox (badness 1715) in paragraph at lines 14--18
\OT1/cmr/m/n/8.5 Mul-ti-me-dia In-for-ma-tion Re-trieval \OT1/cmr/bx/n/8.5 8\OT
1/cmr/m/n/8.5 (4), 195 (2019).
 []


Underfull \hbox (badness 10000) in paragraph at lines 25--29
[]\OT1/cmr/m/n/8.5 R.J. McEliece, D.V. Sar-wate, Com-mu-ni-
 []


Underfull \hbox (badness 10000) in paragraph at lines 25--29
\OT1/cmr/m/n/8.5 ca-tions of the ACM \OT1/cmr/bx/n/8.5 24\OT1/cmr/m/n/8.5 (9), 
583 (1981).
 []

[11 <./fanga-eps-converted-to.pdf> <./fangb-eps-converted-to.pdf> <./fangc-eps-
converted-to.pdf> <./4321.pdf> <./1234.pdf>]
Underfull \hbox (badness 7558) in paragraph at lines 35--39
[]\OT1/cmr/m/n/8.5 F. Wang, C.C. Chang, L. Harn, Se-cu-rity and
 []


Underfull \hbox (badness 10000) in paragraph at lines 35--39
\OT1/cmr/m/n/8.5 Com-mu-ni-ca-tion Net-works \OT1/cmr/bx/n/8.5 7\OT1/cmr/m/n/8.
5 (11), 2094 (2014).
 []


Underfull \hbox (badness 7522) in paragraph at lines 41--45
[]\OT1/cmr/m/n/8.5 G. Hanaoka, T. Nish-ioka, Y. Zheng, H. Imai,
 []


Underfull \hbox (badness 10000) in paragraph at lines 41--45
\OT1/cmr/m/n/8.5 The Com-puter Jour-nal \OT1/cmr/bx/n/8.5 45\OT1/cmr/m/n/8.5 (3
), 293 (2002).
 []


Underfull \hbox (badness 1454) in paragraph at lines 47--51
\OT1/cmr/m/n/8.5 S. Yao, The Com-puter Jour-nal \OT1/cmr/bx/n/8.5 60\OT1/cmr/m/
n/8.5 (4), 507 (2017).
 []


Underfull \hbox (badness 10000) in paragraph at lines 57--61
[]\OT1/cmr/m/n/8.5 H. Pi-la-ram, T. Egh-li-dos, R. Toluee, IET
 []


Underfull \hbox (badness 10000) in paragraph at lines 57--61
\OT1/cmr/m/n/8.5 In-for-ma-tion Se-cu-rity \OT1/cmr/bx/n/8.5 15\OT1/cmr/m/n/8.5
 (1), 98 (2021).
 []


Underfull \hbox (badness 10000) in paragraph at lines 67--71
[]\OT1/cmr/m/n/8.5 S. Iftene, Elec-tronic Notes in The-o-ret-
 []


Underfull \hbox (badness 10000) in paragraph at lines 67--71
\OT1/cmr/m/n/8.5 i-cal Com-puter Sci-ence \OT1/cmr/bx/n/8.5 186\OT1/cmr/m/n/8.5
 , 67 (2007).
 []


Underfull \hbox (badness 10000) in paragraph at lines 88--92
[]\OT1/cmr/m/n/8.5 J. Han, W. Susilo, Y. Mu, J. Yan, The
 []


Underfull \hbox (badness 10000) in paragraph at lines 88--92
\OT1/cmr/m/n/8.5 Com-puter Jour-nal \OT1/cmr/bx/n/8.5 55\OT1/cmr/m/n/8.5 (10), 
1202 (2012).
 []


Underfull \hbox (badness 10000) in paragraph at lines 99--103
[]\OT1/cmr/m/n/8.5 S. Kabiri-rad, Z. Es-lami, Jour-nal of In-for-ma-
 []


Underfull \hbox (badness 10000) in paragraph at lines 99--103
\OT1/cmr/m/n/8.5 tion Se-cu-rity and Ap-pli-ca-tions \OT1/cmr/bx/n/8.5 47\OT1/c
mr/m/n/8.5 , 16 (2019).
 []


Underfull \hbox (badness 10000) in paragraph at lines 110--113
[]\OT1/cmr/m/n/8.5 L. Xiong, X. Han, C.N. Yang, Sig-
 []


Underfull \hbox (badness 10000) in paragraph at lines 110--113
\OT1/cmr/m/n/8.5 nal Pro-cess-ing \OT1/cmr/bx/n/8.5 185\OT1/cmr/m/n/8.5 , 10806
4 (2021).
 []


Underfull \hbox (badness 10000) in paragraph at lines 120--123
[]\OT1/cmr/m/n/8.5 R.Z. Wang, C.H. Su, Pat-tern Recog-
 []


Underfull \hbox (badness 10000) in paragraph at lines 120--123
\OT1/cmr/m/n/8.5 ni-tion Let-ters \OT1/cmr/bx/n/8.5 27\OT1/cmr/m/n/8.5 (6), 551
 (2006).
 []


Underfull \hbox (badness 8000) in paragraph at lines 129--132
[]\OT1/cmr/m/n/8.5 J.P. Hansen, Con-temp. Math \OT1/cmr/bx/n/8.5 686\OT1/cmr/m/
n/8.5 , 171 (2017).
 []


Underfull \hbox (badness 2326) in paragraph at lines 140--144
[]\OT1/cmr/m/n/8.5 C. Qin, C. Jiang, Q. Mo, H. Yao, C.C. Chang,
 []


Underfull \hbox (badness 10000) in paragraph at lines 140--144
\OT1/cmr/m/n/8.5 IEEE Trans-ac-tions on Cir-cuits and Sys-tems
 []


Underfull \hbox (badness 10000) in paragraph at lines 140--144
\OT1/cmr/m/n/8.5 for Video Tech-nol-ogy \OT1/cmr/bx/n/8.5 32\OT1/cmr/m/n/8.5 (4
), 1928 (2021).
 []

) [12] (./template.aux)

LaTeX Font Warning: Size substitutions with differences
(Font)              up to 0.5pt have occurred.


LaTeX Warning: There were multiply-defined labels.

Package rerunfilecheck Info: File `template.out' has not changed.
(rerunfilecheck)             Checksum: 8E2A45350EE14E4C595BF02FA8FEF943;922.
 ) 
Here is how much of TeX's memory you used:
 10398 strings out of 480217
 163399 string characters out of 5895415
 462810 words of memory out of 5000000
 28055 multiletter control sequences out of 15000+600000
 479855 words of font info for 63 fonts, out of 8000000 for 9000
 14 hyphenation exceptions out of 8191
 60i,11n,63p,1852b,483s stack positions out of 10000i,1000n,20000p,200000b,200000s
<c:/texlive/2022/texmf-dist/fonts/type1/public/amsfonts/cm/cmbsy10.pfb><c:/te
xlive/2022/texmf-dist/fonts/type1/public/amsfonts/cm/cmbx10.pfb><c:/texlive/202
2/texmf-dist/fonts/type1/public/amsfonts/cm/cmbx12.pfb><c:/texlive/2022/texmf-d
ist/fonts/type1/public/amsfonts/cm/cmbx8.pfb><c:/texlive/2022/texmf-dist/fonts/
type1/public/amsfonts/cm/cmex10.pfb><c:/texlive/2022/texmf-dist/fonts/type1/pub
lic/amsfonts/cm/cmmi10.pfb><c:/texlive/2022/texmf-dist/fonts/type1/public/amsfo
nts/cm/cmmi5.pfb><c:/texlive/2022/texmf-dist/fonts/type1/public/amsfonts/cm/cmm
i7.pfb><c:/texlive/2022/texmf-dist/fonts/type1/public/amsfonts/cm/cmmi8.pfb><c:
/texlive/2022/texmf-dist/fonts/type1/public/amsfonts/cm/cmr10.pfb><c:/texlive/2
022/texmf-dist/fonts/type1/public/amsfonts/cm/cmr5.pfb><c:/texlive/2022/texmf-d
ist/fonts/type1/public/amsfonts/cm/cmr7.pfb><c:/texlive/2022/texmf-dist/fonts/t
ype1/public/amsfonts/cm/cmr8.pfb><c:/texlive/2022/texmf-dist/fonts/type1/public
/amsfonts/cm/cmsy10.pfb><c:/texlive/2022/texmf-dist/fonts/type1/public/amsfonts
/cm/cmsy7.pfb><c:/texlive/2022/texmf-dist/fonts/type1/public/amsfonts/cm/cmsy8.
pfb><c:/texlive/2022/texmf-dist/fonts/type1/public/amsfonts/cm/cmti10.pfb><c:/t
exlive/2022/texmf-dist/fonts/type1/public/amsfonts/cm/cmti8.pfb><c:/texlive/202
2/texmf-dist/fonts/type1/public/amsfonts/cm/cmtt10.pfb><c:/texlive/2022/texmf-d
ist/fonts/type1/public/marvosym/marvosym.pfb>
Output written on template.pdf (12 pages, 4602990 bytes).
PDF statistics:
 566 PDF objects out of 1000 (max. 8388607)
 400 compressed objects within 4 object streams
 138 named destinations out of 1000 (max. 500000)
 169 words of extra memory for PDF output out of 10000 (max. 10000000)

